\BOOKMARK [1][-]{section.1}{Introduction}{}% 1
\BOOKMARK [1][-]{section.2}{La mod\351lisation}{}% 2
\BOOKMARK [2][-]{subsection.2.1}{Diagramme Use-Case}{section.2}% 3
\BOOKMARK [2][-]{subsection.2.2}{Diagramme Relationnel \(et base de donn\351es\)}{section.2}% 4
\BOOKMARK [1][-]{section.3}{Notre installation}{}% 5
\BOOKMARK [1][-]{section.4}{La charte graphique}{}% 6
\BOOKMARK [1][-]{section.5}{Gestion du projet}{}% 7
\BOOKMARK [1][-]{section.6}{L'architecture MVC}{}% 8
\BOOKMARK [2][-]{subsection.6.1}{Mod\350le}{section.6}% 9
\BOOKMARK [2][-]{subsection.6.2}{Vue}{section.6}% 10
\BOOKMARK [2][-]{subsection.6.3}{Contr\364leur}{section.6}% 11
\BOOKMARK [1][-]{section.7}{L'inscription/Connexion}{}% 12
\BOOKMARK [1][-]{section.8}{Les cours}{}% 13
\BOOKMARK [2][-]{subsection.8.1}{Quizz}{section.8}% 14
\BOOKMARK [2][-]{subsection.8.2}{Forum}{section.8}% 15
\BOOKMARK [1][-]{section.9}{Les options}{}% 16
\BOOKMARK [2][-]{subsection.9.1}{Multilingue}{section.9}% 17
\BOOKMARK [2][-]{subsection.9.2}{Th\350mes}{section.9}% 18
\BOOKMARK [2][-]{subsection.9.3}{D\351compte des visiteurs}{section.9}% 19
\BOOKMARK [2][-]{subsection.9.4}{Contacter le support du site}{section.9}% 20
\BOOKMARK [2][-]{subsection.9.5}{Gestion des ressources}{section.9}% 21
\BOOKMARK [1][-]{section.10}{Conclusion}{}% 22
